  net_serial.cpp
c:\users\lenovo\desktop\lidar资料\delta-3a\delta-3a_sdk_windows(c++)\sdk\sdk\include\rslidar_protocol.h(75): warning C4200: 使用了非标准扩展: 结构/联合中的零大小数组
  c:\users\lenovo\desktop\lidar资料\delta-3a\delta-3a_sdk_windows(c++)\sdk\sdk\include\rslidar_protocol.h(75): note: 默认构造函数或 copy/move 赋值运算符将忽略此成员
  timer.cpp
c:\users\lenovo\desktop\lidar资料\delta-3a\delta-3a_sdk_windows(c++)\sdk\sdk\include\rslidar_protocol.h(75): warning C4200: 使用了非标准扩展: 结构/联合中的零大小数组
  c:\users\lenovo\desktop\lidar资料\delta-3a\delta-3a_sdk_windows(c++)\sdk\sdk\include\rslidar_protocol.h(75): note: 默认构造函数或 copy/move 赋值运算符将忽略此成员
  thread.cpp
c:\users\lenovo\desktop\lidar资料\delta-3a\delta-3a_sdk_windows(c++)\sdk\sdk\include\rslidar_protocol.h(75): warning C4200: 使用了非标准扩展: 结构/联合中的零大小数组
  c:\users\lenovo\desktop\lidar资料\delta-3a\delta-3a_sdk_windows(c++)\sdk\sdk\include\rslidar_protocol.h(75): note: 默认构造函数或 copy/move 赋值运算符将忽略此成员
  rslidar_driver.cpp
c:\users\lenovo\desktop\lidar资料\delta-3a\delta-3a_sdk_windows(c++)\sdk\sdk\include\rslidar_protocol.h(75): warning C4200: 使用了非标准扩展: 结构/联合中的零大小数组
  c:\users\lenovo\desktop\lidar资料\delta-3a\delta-3a_sdk_windows(c++)\sdk\sdk\include\rslidar_protocol.h(75): note: 默认构造函数或 copy/move 赋值运算符将忽略此成员
c:\users\lenovo\desktop\lidar资料\delta-3a\delta-3a_sdk_windows(c++)\sdk\sdk\src\rslidar_driver.cpp(130): warning C4244: “=”: 从“_u16”转换到“_u8”，可能丢失数据
c:\users\lenovo\desktop\lidar资料\delta-3a\delta-3a_sdk_windows(c++)\sdk\sdk\src\rslidar_driver.cpp(336): warning C4244: “=”: 从“double”转换到“float”，可能丢失数据
c:\users\lenovo\desktop\lidar资料\delta-3a\delta-3a_sdk_windows(c++)\sdk\sdk\src\rslidar_driver.cpp(341): warning C4244: “=”: 从“double”转换到“float”，可能丢失数据
c:\users\lenovo\desktop\lidar资料\delta-3a\delta-3a_sdk_windows(c++)\sdk\sdk\src\rslidar_driver.cpp(347): warning C4244: “=”: 从“float”转换到“_u16”，可能丢失数据
c:\users\lenovo\desktop\lidar资料\delta-3a\delta-3a_sdk_windows(c++)\sdk\sdk\src\rslidar_driver.cpp(512): warning C4244: “初始化”: 从“double”转换到“float”，可能丢失数据
c:\users\lenovo\desktop\lidar资料\delta-3a\delta-3a_sdk_windows(c++)\sdk\sdk\src\rslidar_driver.cpp(516): warning C4018: “<”: 有符号/无符号不匹配
c:\users\lenovo\desktop\lidar资料\delta-3a\delta-3a_sdk_windows(c++)\sdk\sdk\src\rslidar_driver.cpp(550): warning C4018: “<”: 有符号/无符号不匹配
c:\users\lenovo\desktop\lidar资料\delta-3a\delta-3a_sdk_windows(c++)\sdk\sdk\src\rslidar_driver.cpp(559): warning C4018: “<”: 有符号/无符号不匹配
c:\users\lenovo\desktop\lidar资料\delta-3a\delta-3a_sdk_windows(c++)\sdk\sdk\src\rslidar_driver.cpp(560): warning C4018: “<”: 有符号/无符号不匹配
c:\users\lenovo\desktop\lidar资料\delta-3a\delta-3a_sdk_windows(c++)\sdk\sdk\src\rslidar_driver.cpp(582): warning C4267: “=”: 从“size_t”转换到“uint16_t”，可能丢失数据
c:\users\lenovo\desktop\lidar资料\delta-3a\delta-3a_sdk_windows(c++)\sdk\sdk\src\rslidar_driver.cpp(586): warning C4267: “=”: 从“size_t”转换到“uint16_t”，可能丢失数据
c:\users\lenovo\desktop\lidar资料\delta-3a\delta-3a_sdk_windows(c++)\sdk\sdk\src\rslidar_driver.cpp(598): warning C4267: “参数”: 从“size_t”转换到“uint16_t”，可能丢失数据
c:\users\lenovo\desktop\lidar资料\delta-3a\delta-3a_sdk_windows(c++)\sdk\sdk\src\rslidar_driver.cpp(600): warning C4244: “=”: 从“_u16”转换到“_u8”，可能丢失数据
c:\users\lenovo\desktop\lidar资料\delta-3a\delta-3a_sdk_windows(c++)\sdk\sdk\src\rslidar_driver.cpp(604): warning C4018: “<”: 有符号/无符号不匹配
c:\users\lenovo\desktop\lidar资料\delta-3a\delta-3a_sdk_windows(c++)\sdk\sdk\src\rslidar_driver.cpp(644): warning C4018: “>”: 有符号/无符号不匹配
c:\users\lenovo\desktop\lidar资料\delta-3a\delta-3a_sdk_windows(c++)\sdk\sdk\src\rslidar_driver.cpp(668): warning C4018: “<”: 有符号/无符号不匹配
  正在生成代码...
  rslidar_driver.vcxproj -> C:\Users\Lenovo\Desktop\Lidar资料\Delta-3A\Delta-3A_SDK_Windows(c++)\sdk\workspaces\vc10\\..\..\output\win32\Debug\rslidar_driver.lib
